[
  {
    "line": 2,
    "elements": [
      {
        "start_timestamp": "2024-03-30T11:17:52.673Z",
        "before": [
          {
            "result": {
              "duration": 63964700,
              "status": "passed"
            },
            "match": {
              "location": "parallelUsingTestNG.ApplicationHooks.getProperty()"
            }
          },
          {
            "result": {
              "error_message": "org.openqa.selenium.SessionNotCreatedException: session not created: This version of ChromeDriver only supports Chrome version 114\nCurrent browser version is 123.0.6312.58 with binary path C:\\Program Files\\Google\\Chrome\\Application\\chrome.exe\nBuild info: version: \u00273.141.59\u0027, revision: \u0027e82be7d358\u0027, time: \u00272018-11-14T08:17:03\u0027\nSystem info: host: \u0027DESKTOP-SU3N59C\u0027, ip: \u0027192.168.0.104\u0027, os.name: \u0027Windows 10\u0027, os.arch: \u0027amd64\u0027, os.version: \u002710.0\u0027, java.version: \u002722\u0027\nDriver info: driver.version: ChromeDriver\nremote stacktrace: Backtrace:\n\tGetHandleVerifier [0x004DA813+48355]\n\t(No symbol) [0x0046C4B1]\n\t(No symbol) [0x00375358]\n\t(No symbol) [0x003961AC]\n\t(No symbol) [0x00391EF3]\n\t(No symbol) [0x00390579]\n\t(No symbol) [0x003C0C55]\n\t(No symbol) [0x003C093C]\n\t(No symbol) [0x003BA536]\n\t(No symbol) [0x003982DC]\n\t(No symbol) [0x003993DD]\n\tGetHandleVerifier [0x0073AABD+2539405]\n\tGetHandleVerifier [0x0077A78F+2800735]\n\tGetHandleVerifier [0x0077456C+2775612]\n\tGetHandleVerifier [0x005651E0+616112]\n\t(No symbol) [0x00475F8C]\n\t(No symbol) [0x00472328]\n\t(No symbol) [0x0047240B]\n\t(No symbol) [0x00464FF7]\n\tBaseThreadInitThunk [0x7569FCC9+25]\n\tRtlGetAppContainerNamedObjectPath [0x775D7C5E+286]\n\tRtlGetAppContainerNamedObjectPath [0x775D7C2E+238]\n\r\n\tat java.base/jdk.internal.reflect.DirectConstructorHandleAccessor.newInstance(DirectConstructorHandleAccessor.java:62)\r\n\tat java.base/java.lang.reflect.Constructor.newInstanceWithCaller(Constructor.java:502)\r\n\tat java.base/java.lang.reflect.Constructor.newInstance(Constructor.java:486)\r\n\tat org.openqa.selenium.remote.W3CHandshakeResponse.lambda$errorHandler$0(W3CHandshakeResponse.java:62)\r\n\tat org.openqa.selenium.remote.HandshakeResponse.lambda$getResponseFunction$0(HandshakeResponse.java:30)\r\n\tat org.openqa.selenium.remote.ProtocolHandshake.lambda$createSession$0(ProtocolHandshake.java:126)\r\n\tat java.base/java.util.stream.ReferencePipeline$3$1.accept(ReferencePipeline.java:212)\r\n\tat java.base/java.util.Spliterators$ArraySpliterator.tryAdvance(Spliterators.java:1034)\r\n\tat java.base/java.util.stream.ReferencePipeline.forEachWithCancel(ReferencePipeline.java:144)\r\n\tat java.base/java.util.stream.AbstractPipeline.copyIntoWithCancel(AbstractPipeline.java:574)\r\n\tat java.base/java.util.stream.AbstractPipeline.copyInto(AbstractPipeline.java:560)\r\n\tat java.base/java.util.stream.AbstractPipeline.wrapAndCopyInto(AbstractPipeline.java:546)\r\n\tat java.base/java.util.stream.FindOps$FindOp.evaluateSequential(FindOps.java:150)\r\n\tat java.base/java.util.stream.AbstractPipeline.evaluate(AbstractPipeline.java:265)\r\n\tat java.base/java.util.stream.ReferencePipeline.findFirst(ReferencePipeline.java:662)\r\n\tat org.openqa.selenium.remote.ProtocolHandshake.createSession(ProtocolHandshake.java:128)\r\n\tat org.openqa.selenium.remote.ProtocolHandshake.createSession(ProtocolHandshake.java:74)\r\n\tat org.openqa.selenium.remote.HttpCommandExecutor.execute(HttpCommandExecutor.java:136)\r\n\tat org.openqa.selenium.remote.service.DriverCommandExecutor.execute(DriverCommandExecutor.java:83)\r\n\tat org.openqa.selenium.remote.RemoteWebDriver.execute(RemoteWebDriver.java:552)\r\n\tat org.openqa.selenium.remote.RemoteWebDriver.startSession(RemoteWebDriver.java:213)\r\n\tat org.openqa.selenium.remote.RemoteWebDriver.\u003cinit\u003e(RemoteWebDriver.java:131)\r\n\tat org.openqa.selenium.chrome.ChromeDriver.\u003cinit\u003e(ChromeDriver.java:181)\r\n\tat org.openqa.selenium.chrome.ChromeDriver.\u003cinit\u003e(ChromeDriver.java:168)\r\n\tat org.openqa.selenium.chrome.ChromeDriver.\u003cinit\u003e(ChromeDriver.java:123)\r\n\tat com.qa.factory.DriverFactory.init_driver(DriverFactory.java:28)\r\n\tat parallelUsingTestNG.ApplicationHooks.launchBrowser(ApplicationHooks.java:31)\r\n",
              "duration": 22932620200,
              "status": "failed"
            },
            "match": {
              "location": "parallelUsingTestNG.ApplicationHooks.launchBrowser()"
            }
          }
        ],
        "line": 4,
        "name": "Login page title",
        "description": "",
        "id": "login-page-feature;login-page-title",
        "after": [
          {
            "result": {
              "error_message": "java.lang.NullPointerException: Cannot invoke \"org.openqa.selenium.TakesScreenshot.getScreenshotAs(org.openqa.selenium.OutputType)\" because \"this.driver\" is null\r\n\tat parallelUsingTestNG.ApplicationHooks.tearDown(ApplicationHooks.java:45)\r\n",
              "duration": 28983700,
              "status": "failed"
            },
            "match": {
              "location": "parallelUsingTestNG.ApplicationHooks.tearDown(io.cucumber.java.Scenario)"
            }
          },
          {
            "result": {
              "error_message": "java.lang.NullPointerException: Cannot invoke \"org.openqa.selenium.WebDriver.quit()\" because \"this.driver\" is null\r\n\tat parallelUsingTestNG.ApplicationHooks.quitBrowser(ApplicationHooks.java:37)\r\n",
              "duration": 2999800,
              "status": "failed"
            },
            "match": {
              "location": "parallelUsingTestNG.ApplicationHooks.quitBrowser()"
            }
          }
        ],
        "type": "scenario",
        "keyword": "Scenario",
        "steps": [
          {
            "result": {
              "duration": 32981600,
              "status": "skipped"
            },
            "line": 5,
            "name": "user is on login page",
            "match": {
              "location": "parallelUsingTestNG.loginPageSteps.user_is_on_login_page()"
            },
            "keyword": "Given "
          },
          {
            "result": {
              "duration": 1999900,
              "status": "skipped"
            },
            "line": 6,
            "name": "user gets the title of the page",
            "match": {
              "location": "parallelUsingTestNG.loginPageSteps.user_gets_the_title_of_the_page()"
            },
            "keyword": "When "
          },
          {
            "result": {
              "duration": 44976700,
              "status": "skipped"
            },
            "line": 7,
            "name": "page title should be \"Login - My Store\"",
            "match": {
              "arguments": [
                {
                  "val": "\"Login - My Store\"",
                  "offset": 21
                }
              ],
              "location": "parallelUsingTestNG.loginPageSteps.page_title_should_be(java.lang.String)"
            },
            "keyword": "Then "
          }
        ],
        "tags": [
          {
            "name": "@Login_page_feature"
          }
        ]
      },
      {
        "start_timestamp": "2024-03-30T11:18:16.746Z",
        "before": [
          {
            "result": {
              "duration": 3996100,
              "status": "passed"
            },
            "match": {
              "location": "parallelUsingTestNG.ApplicationHooks.getProperty()"
            }
          },
          {
            "result": {
              "error_message": "org.openqa.selenium.SessionNotCreatedException: session not created: This version of ChromeDriver only supports Chrome version 114\nCurrent browser version is 123.0.6312.58 with binary path C:\\Program Files\\Google\\Chrome\\Application\\chrome.exe\nBuild info: version: \u00273.141.59\u0027, revision: \u0027e82be7d358\u0027, time: \u00272018-11-14T08:17:03\u0027\nSystem info: host: \u0027DESKTOP-SU3N59C\u0027, ip: \u0027192.168.0.104\u0027, os.name: \u0027Windows 10\u0027, os.arch: \u0027amd64\u0027, os.version: \u002710.0\u0027, java.version: \u002722\u0027\nDriver info: driver.version: ChromeDriver\nremote stacktrace: Backtrace:\n\tGetHandleVerifier [0x004DA813+48355]\n\t(No symbol) [0x0046C4B1]\n\t(No symbol) [0x00375358]\n\t(No symbol) [0x003961AC]\n\t(No symbol) [0x00391EF3]\n\t(No symbol) [0x00390579]\n\t(No symbol) [0x003C0C55]\n\t(No symbol) [0x003C093C]\n\t(No symbol) [0x003BA536]\n\t(No symbol) [0x003982DC]\n\t(No symbol) [0x003993DD]\n\tGetHandleVerifier [0x0073AABD+2539405]\n\tGetHandleVerifier [0x0077A78F+2800735]\n\tGetHandleVerifier [0x0077456C+2775612]\n\tGetHandleVerifier [0x005651E0+616112]\n\t(No symbol) [0x00475F8C]\n\t(No symbol) [0x00472328]\n\t(No symbol) [0x0047240B]\n\t(No symbol) [0x00464FF7]\n\tBaseThreadInitThunk [0x7569FCC9+25]\n\tRtlGetAppContainerNamedObjectPath [0x775D7C5E+286]\n\tRtlGetAppContainerNamedObjectPath [0x775D7C2E+238]\n\r\n\tat java.base/jdk.internal.reflect.DirectConstructorHandleAccessor.newInstance(DirectConstructorHandleAccessor.java:62)\r\n\tat java.base/java.lang.reflect.Constructor.newInstanceWithCaller(Constructor.java:502)\r\n\tat java.base/java.lang.reflect.Constructor.newInstance(Constructor.java:486)\r\n\tat org.openqa.selenium.remote.W3CHandshakeResponse.lambda$errorHandler$0(W3CHandshakeResponse.java:62)\r\n\tat org.openqa.selenium.remote.HandshakeResponse.lambda$getResponseFunction$0(HandshakeResponse.java:30)\r\n\tat org.openqa.selenium.remote.ProtocolHandshake.lambda$createSession$0(ProtocolHandshake.java:126)\r\n\tat java.base/java.util.stream.ReferencePipeline$3$1.accept(ReferencePipeline.java:212)\r\n\tat java.base/java.util.Spliterators$ArraySpliterator.tryAdvance(Spliterators.java:1034)\r\n\tat java.base/java.util.stream.ReferencePipeline.forEachWithCancel(ReferencePipeline.java:144)\r\n\tat java.base/java.util.stream.AbstractPipeline.copyIntoWithCancel(AbstractPipeline.java:574)\r\n\tat java.base/java.util.stream.AbstractPipeline.copyInto(AbstractPipeline.java:560)\r\n\tat java.base/java.util.stream.AbstractPipeline.wrapAndCopyInto(AbstractPipeline.java:546)\r\n\tat java.base/java.util.stream.FindOps$FindOp.evaluateSequential(FindOps.java:150)\r\n\tat java.base/java.util.stream.AbstractPipeline.evaluate(AbstractPipeline.java:265)\r\n\tat java.base/java.util.stream.ReferencePipeline.findFirst(ReferencePipeline.java:662)\r\n\tat org.openqa.selenium.remote.ProtocolHandshake.createSession(ProtocolHandshake.java:128)\r\n\tat org.openqa.selenium.remote.ProtocolHandshake.createSession(ProtocolHandshake.java:74)\r\n\tat org.openqa.selenium.remote.HttpCommandExecutor.execute(HttpCommandExecutor.java:136)\r\n\tat org.openqa.selenium.remote.service.DriverCommandExecutor.execute(DriverCommandExecutor.java:83)\r\n\tat org.openqa.selenium.remote.RemoteWebDriver.execute(RemoteWebDriver.java:552)\r\n\tat org.openqa.selenium.remote.RemoteWebDriver.startSession(RemoteWebDriver.java:213)\r\n\tat org.openqa.selenium.remote.RemoteWebDriver.\u003cinit\u003e(RemoteWebDriver.java:131)\r\n\tat org.openqa.selenium.chrome.ChromeDriver.\u003cinit\u003e(ChromeDriver.java:181)\r\n\tat org.openqa.selenium.chrome.ChromeDriver.\u003cinit\u003e(ChromeDriver.java:168)\r\n\tat org.openqa.selenium.chrome.ChromeDriver.\u003cinit\u003e(ChromeDriver.java:123)\r\n\tat com.qa.factory.DriverFactory.init_driver(DriverFactory.java:28)\r\n\tat parallelUsingTestNG.ApplicationHooks.launchBrowser(ApplicationHooks.java:31)\r\n",
              "duration": 18297333600,
              "status": "failed"
            },
            "match": {
              "location": "parallelUsingTestNG.ApplicationHooks.launchBrowser()"
            }
          }
        ],
        "line": 9,
        "name": "Forgot Password link",
        "description": "",
        "id": "login-page-feature;forgot-password-link",
        "after": [
          {
            "result": {
              "error_message": "java.lang.NullPointerException: Cannot invoke \"org.openqa.selenium.TakesScreenshot.getScreenshotAs(org.openqa.selenium.OutputType)\" because \"this.driver\" is null\r\n\tat parallelUsingTestNG.ApplicationHooks.tearDown(ApplicationHooks.java:45)\r\n",
              "duration": 3998600,
              "status": "failed"
            },
            "match": {
              "location": "parallelUsingTestNG.ApplicationHooks.tearDown(io.cucumber.java.Scenario)"
            }
          },
          {
            "result": {
              "error_message": "java.lang.NullPointerException: Cannot invoke \"org.openqa.selenium.WebDriver.quit()\" because \"this.driver\" is null\r\n\tat parallelUsingTestNG.ApplicationHooks.quitBrowser(ApplicationHooks.java:37)\r\n",
              "duration": 3998400,
              "status": "failed"
            },
            "match": {
              "location": "parallelUsingTestNG.ApplicationHooks.quitBrowser()"
            }
          }
        ],
        "type": "scenario",
        "keyword": "Scenario",
        "steps": [
          {
            "result": {
              "duration": 1000200,
              "status": "skipped"
            },
            "line": 10,
            "name": "user is on login page",
            "match": {
              "location": "parallelUsingTestNG.loginPageSteps.user_is_on_login_page()"
            },
            "keyword": "Given "
          },
          {
            "result": {
              "duration": 998900,
              "status": "skipped"
            },
            "line": 11,
            "name": "forgot your password link should be displayed",
            "match": {
              "location": "parallelUsingTestNG.loginPageSteps.forgot_your_password_link_should_be_displayed()"
            },
            "keyword": "Then "
          }
        ],
        "tags": [
          {
            "name": "@Login_page_feature"
          }
        ]
      },
      {
        "start_timestamp": "2024-03-30T11:18:35.239Z",
        "before": [
          {
            "result": {
              "duration": 2000700,
              "status": "passed"
            },
            "match": {
              "location": "parallelUsingTestNG.ApplicationHooks.getProperty()"
            }
          },
          {
            "result": {
              "error_message": "org.openqa.selenium.SessionNotCreatedException: session not created: This version of ChromeDriver only supports Chrome version 114\nCurrent browser version is 123.0.6312.58 with binary path C:\\Program Files\\Google\\Chrome\\Application\\chrome.exe\nBuild info: version: \u00273.141.59\u0027, revision: \u0027e82be7d358\u0027, time: \u00272018-11-14T08:17:03\u0027\nSystem info: host: \u0027DESKTOP-SU3N59C\u0027, ip: \u0027192.168.0.104\u0027, os.name: \u0027Windows 10\u0027, os.arch: \u0027amd64\u0027, os.version: \u002710.0\u0027, java.version: \u002722\u0027\nDriver info: driver.version: ChromeDriver\nremote stacktrace: Backtrace:\n\tGetHandleVerifier [0x004DA813+48355]\n\t(No symbol) [0x0046C4B1]\n\t(No symbol) [0x00375358]\n\t(No symbol) [0x003961AC]\n\t(No symbol) [0x00391EF3]\n\t(No symbol) [0x00390579]\n\t(No symbol) [0x003C0C55]\n\t(No symbol) [0x003C093C]\n\t(No symbol) [0x003BA536]\n\t(No symbol) [0x003982DC]\n\t(No symbol) [0x003993DD]\n\tGetHandleVerifier [0x0073AABD+2539405]\n\tGetHandleVerifier [0x0077A78F+2800735]\n\tGetHandleVerifier [0x0077456C+2775612]\n\tGetHandleVerifier [0x005651E0+616112]\n\t(No symbol) [0x00475F8C]\n\t(No symbol) [0x00472328]\n\t(No symbol) [0x0047240B]\n\t(No symbol) [0x00464FF7]\n\tBaseThreadInitThunk [0x7569FCC9+25]\n\tRtlGetAppContainerNamedObjectPath [0x775D7C5E+286]\n\tRtlGetAppContainerNamedObjectPath [0x775D7C2E+238]\n\r\n\tat java.base/jdk.internal.reflect.DirectConstructorHandleAccessor.newInstance(DirectConstructorHandleAccessor.java:62)\r\n\tat java.base/java.lang.reflect.Constructor.newInstanceWithCaller(Constructor.java:502)\r\n\tat java.base/java.lang.reflect.Constructor.newInstance(Constructor.java:486)\r\n\tat org.openqa.selenium.remote.W3CHandshakeResponse.lambda$errorHandler$0(W3CHandshakeResponse.java:62)\r\n\tat org.openqa.selenium.remote.HandshakeResponse.lambda$getResponseFunction$0(HandshakeResponse.java:30)\r\n\tat org.openqa.selenium.remote.ProtocolHandshake.lambda$createSession$0(ProtocolHandshake.java:126)\r\n\tat java.base/java.util.stream.ReferencePipeline$3$1.accept(ReferencePipeline.java:212)\r\n\tat java.base/java.util.Spliterators$ArraySpliterator.tryAdvance(Spliterators.java:1034)\r\n\tat java.base/java.util.stream.ReferencePipeline.forEachWithCancel(ReferencePipeline.java:144)\r\n\tat java.base/java.util.stream.AbstractPipeline.copyIntoWithCancel(AbstractPipeline.java:574)\r\n\tat java.base/java.util.stream.AbstractPipeline.copyInto(AbstractPipeline.java:560)\r\n\tat java.base/java.util.stream.AbstractPipeline.wrapAndCopyInto(AbstractPipeline.java:546)\r\n\tat java.base/java.util.stream.FindOps$FindOp.evaluateSequential(FindOps.java:150)\r\n\tat java.base/java.util.stream.AbstractPipeline.evaluate(AbstractPipeline.java:265)\r\n\tat java.base/java.util.stream.ReferencePipeline.findFirst(ReferencePipeline.java:662)\r\n\tat org.openqa.selenium.remote.ProtocolHandshake.createSession(ProtocolHandshake.java:128)\r\n\tat org.openqa.selenium.remote.ProtocolHandshake.createSession(ProtocolHandshake.java:74)\r\n\tat org.openqa.selenium.remote.HttpCommandExecutor.execute(HttpCommandExecutor.java:136)\r\n\tat org.openqa.selenium.remote.service.DriverCommandExecutor.execute(DriverCommandExecutor.java:83)\r\n\tat org.openqa.selenium.remote.RemoteWebDriver.execute(RemoteWebDriver.java:552)\r\n\tat org.openqa.selenium.remote.RemoteWebDriver.startSession(RemoteWebDriver.java:213)\r\n\tat org.openqa.selenium.remote.RemoteWebDriver.\u003cinit\u003e(RemoteWebDriver.java:131)\r\n\tat org.openqa.selenium.chrome.ChromeDriver.\u003cinit\u003e(ChromeDriver.java:181)\r\n\tat org.openqa.selenium.chrome.ChromeDriver.\u003cinit\u003e(ChromeDriver.java:168)\r\n\tat org.openqa.selenium.chrome.ChromeDriver.\u003cinit\u003e(ChromeDriver.java:123)\r\n\tat com.qa.factory.DriverFactory.init_driver(DriverFactory.java:28)\r\n\tat parallelUsingTestNG.ApplicationHooks.launchBrowser(ApplicationHooks.java:31)\r\n",
              "duration": 12145737300,
              "status": "failed"
            },
            "match": {
              "location": "parallelUsingTestNG.ApplicationHooks.launchBrowser()"
            }
          }
        ],
        "line": 13,
        "name": "Login with correct credentials",
        "description": "",
        "id": "login-page-feature;login-with-correct-credentials",
        "after": [
          {
            "result": {
              "error_message": "java.lang.NullPointerException: Cannot invoke \"org.openqa.selenium.TakesScreenshot.getScreenshotAs(org.openqa.selenium.OutputType)\" because \"this.driver\" is null\r\n\tat parallelUsingTestNG.ApplicationHooks.tearDown(ApplicationHooks.java:45)\r\n",
              "duration": 1000400,
              "status": "failed"
            },
            "match": {
              "location": "parallelUsingTestNG.ApplicationHooks.tearDown(io.cucumber.java.Scenario)"
            }
          },
          {
            "result": {
              "error_message": "java.lang.NullPointerException: Cannot invoke \"org.openqa.selenium.WebDriver.quit()\" because \"this.driver\" is null\r\n\tat parallelUsingTestNG.ApplicationHooks.quitBrowser(ApplicationHooks.java:37)\r\n",
              "duration": 1998600,
              "status": "failed"
            },
            "match": {
              "location": "parallelUsingTestNG.ApplicationHooks.quitBrowser()"
            }
          }
        ],
        "type": "scenario",
        "keyword": "Scenario",
        "steps": [
          {
            "result": {
              "duration": 999300,
              "status": "skipped"
            },
            "line": 14,
            "name": "user is on login page",
            "match": {
              "location": "parallelUsingTestNG.loginPageSteps.user_is_on_login_page()"
            },
            "keyword": "Given "
          },
          {
            "result": {
              "duration": 2998000,
              "status": "skipped"
            },
            "line": 15,
            "name": "user enters username \"althafhussain.pcet@gmail.com\"",
            "match": {
              "arguments": [
                {
                  "val": "\"althafhussain.pcet@gmail.com\"",
                  "offset": 21
                }
              ],
              "location": "parallelUsingTestNG.loginPageSteps.user_enters_username(java.lang.String)"
            },
            "keyword": "When "
          },
          {
            "result": {
              "duration": 9993600,
              "status": "skipped"
            },
            "line": 16,
            "name": "user enters password \"hussain009@\"",
            "match": {
              "arguments": [
                {
                  "val": "\"hussain009@\"",
                  "offset": 21
                }
              ],
              "location": "parallelUsingTestNG.loginPageSteps.user_enters_password(java.lang.String)"
            },
            "keyword": "And "
          },
          {
            "result": {
              "duration": 999300,
              "status": "skipped"
            },
            "line": 17,
            "name": "user clicks on Login button",
            "match": {
              "location": "parallelUsingTestNG.loginPageSteps.user_clicks_on_login_button()"
            },
            "keyword": "And "
          },
          {
            "result": {
              "duration": 1999100,
              "status": "skipped"
            },
            "line": 18,
            "name": "user gets the title of the page",
            "match": {
              "location": "parallelUsingTestNG.loginPageSteps.user_gets_the_title_of_the_page()"
            },
            "keyword": "Then "
          },
          {
            "result": {
              "duration": 998700,
              "status": "skipped"
            },
            "line": 19,
            "name": "page title should be \"My account - My Store\"",
            "match": {
              "arguments": [
                {
                  "val": "\"My account - My Store\"",
                  "offset": 21
                }
              ],
              "location": "parallelUsingTestNG.loginPageSteps.page_title_should_be(java.lang.String)"
            },
            "keyword": "And "
          }
        ],
        "tags": [
          {
            "name": "@Login_page_feature"
          }
        ]
      }
    ],
    "name": "Login page feature",
    "description": "",
    "id": "login-page-feature",
    "keyword": "Feature",
    "uri": "file:src/test/resources/parallelUsingTestNG/LoginPage.feature",
    "tags": [
      {
        "name": "@Login_page_feature",
        "type": "Tag",
        "location": {
          "line": 1,
          "column": 1
        }
      }
    ]
  }
]