-------------------------------------------------------------------------------
Test set: parallelUsingTestNG.ParallelRun
-------------------------------------------------------------------------------
Tests run: 4, Failures: 1, Errors: 0, Skipped: 0, Time elapsed: 135.87 s <<< FAILURE! - in parallelUsingTestNG.ParallelRun
tearDownClass(parallelUsingTestNG.ParallelRun)  Time elapsed: 128.573 s  <<< FAILURE!
java.lang.NoSuchFieldError: Justify

